CRITICAL - 2020-06-01 03:11:29 --> Deletes are not allowed unless they contain a "where" or "like" clause.
#0 C:\wamp64\www\nostradamus\vendor\codeigniter4\framework\system\Model.php(952): CodeIgniter\Database\BaseBuilder->delete()
#1 C:\wamp64\www\nostradamus\app\Models\IdejaModel.php(143): CodeIgniter\Model->delete('0')
#2 C:\wamp64\www\nostradamus\app\Controllers\Administrator.php(418): App\Models\IdejaModel->obrisi_ideju('0')
#3 C:\wamp64\www\nostradamus\vendor\codeigniter4\framework\system\CodeIgniter.php(914): App\Controllers\Administrator->obrisati_ideju()
#4 C:\wamp64\www\nostradamus\vendor\codeigniter4\framework\system\CodeIgniter.php(400): CodeIgniter\CodeIgniter->runController(Object(App\Controllers\Administrator))
#5 C:\wamp64\www\nostradamus\vendor\codeigniter4\framework\system\CodeIgniter.php(308): CodeIgniter\CodeIgniter->handleRequest(NULL, Object(Config\Cache), false)
#6 C:\wamp64\www\nostradamus\public\index.php(45): CodeIgniter\CodeIgniter->run()
#7 C:\wamp64\www\nostradamus\vendor\codeigniter4\framework\system\Commands\Server\rewrite.php(34): require_once('C:\\wamp64\\www\\n...')
#8 {main}
CRITICAL - 2020-06-01 15:17:19 --> Deletes are not allowed unless they contain a "where" or "like" clause.
#0 C:\wamp64\www\nostradamus\vendor\codeigniter4\framework\system\Model.php(952): CodeIgniter\Database\BaseBuilder->delete()
#1 C:\wamp64\www\nostradamus\app\Models\IdejaModel.php(144): CodeIgniter\Model->delete('0')
#2 C:\wamp64\www\nostradamus\app\Controllers\Administrator.php(402): App\Models\IdejaModel->obrisi_ideju('0')
#3 C:\wamp64\www\nostradamus\vendor\codeigniter4\framework\system\CodeIgniter.php(914): App\Controllers\Administrator->obrisati_ideju()
#4 C:\wamp64\www\nostradamus\vendor\codeigniter4\framework\system\CodeIgniter.php(400): CodeIgniter\CodeIgniter->runController(Object(App\Controllers\Administrator))
#5 C:\wamp64\www\nostradamus\vendor\codeigniter4\framework\system\CodeIgniter.php(308): CodeIgniter\CodeIgniter->handleRequest(NULL, Object(Config\Cache), false)
#6 C:\wamp64\www\nostradamus\public\index.php(45): CodeIgniter\CodeIgniter->run()
#7 C:\wamp64\www\nostradamus\vendor\codeigniter4\framework\system\Commands\Server\rewrite.php(34): require_once('C:\\wamp64\\www\\n...')
#8 {main}
CRITICAL - 2020-06-01 15:25:36 --> Deletes are not allowed unless they contain a "where" or "like" clause.
#0 C:\wamp64\www\nostradamus\vendor\codeigniter4\framework\system\Model.php(952): CodeIgniter\Database\BaseBuilder->delete()
#1 C:\wamp64\www\nostradamus\app\Models\IdejaModel.php(144): CodeIgniter\Model->delete('0')
#2 C:\wamp64\www\nostradamus\app\Controllers\Administrator.php(402): App\Models\IdejaModel->obrisi_ideju('0')
#3 C:\wamp64\www\nostradamus\vendor\codeigniter4\framework\system\CodeIgniter.php(914): App\Controllers\Administrator->obrisati_ideju()
#4 C:\wamp64\www\nostradamus\vendor\codeigniter4\framework\system\CodeIgniter.php(400): CodeIgniter\CodeIgniter->runController(Object(App\Controllers\Administrator))
#5 C:\wamp64\www\nostradamus\vendor\codeigniter4\framework\system\CodeIgniter.php(308): CodeIgniter\CodeIgniter->handleRequest(NULL, Object(Config\Cache), false)
#6 C:\wamp64\www\nostradamus\public\index.php(45): CodeIgniter\CodeIgniter->run()
#7 C:\wamp64\www\nostradamus\vendor\codeigniter4\framework\system\Commands\Server\rewrite.php(34): require_once('C:\\wamp64\\www\\n...')
#8 {main}
CRITICAL - 2020-06-01 15:31:39 --> Deletes are not allowed unless they contain a "where" or "like" clause.
#0 C:\wamp64\www\nostradamus\vendor\codeigniter4\framework\system\Model.php(952): CodeIgniter\Database\BaseBuilder->delete()
#1 C:\wamp64\www\nostradamus\app\Models\IdejaModel.php(144): CodeIgniter\Model->delete('0')
#2 C:\wamp64\www\nostradamus\app\Controllers\Administrator.php(406): App\Models\IdejaModel->obrisi_ideju('0')
#3 C:\wamp64\www\nostradamus\vendor\codeigniter4\framework\system\CodeIgniter.php(914): App\Controllers\Administrator->obrisati_ideju()
#4 C:\wamp64\www\nostradamus\vendor\codeigniter4\framework\system\CodeIgniter.php(400): CodeIgniter\CodeIgniter->runController(Object(App\Controllers\Administrator))
#5 C:\wamp64\www\nostradamus\vendor\codeigniter4\framework\system\CodeIgniter.php(308): CodeIgniter\CodeIgniter->handleRequest(NULL, Object(Config\Cache), false)
#6 C:\wamp64\www\nostradamus\public\index.php(45): CodeIgniter\CodeIgniter->run()
#7 C:\wamp64\www\nostradamus\vendor\codeigniter4\framework\system\Commands\Server\rewrite.php(34): require_once('C:\\wamp64\\www\\n...')
#8 {main}
CRITICAL - 2020-06-01 15:40:32 --> Duplicate entry '0' for key 'PRIMARY'
#0 C:\wamp64\www\nostradamus\vendor\codeigniter4\framework\system\Database\MySQLi\Connection.php(331): mysqli->query('INSERT INTO `id...')
#1 C:\wamp64\www\nostradamus\vendor\codeigniter4\framework\system\Database\BaseConnection.php(738): CodeIgniter\Database\MySQLi\Connection->execute('INSERT INTO `id...')
#2 C:\wamp64\www\nostradamus\vendor\codeigniter4\framework\system\Database\BaseConnection.php(666): CodeIgniter\Database\BaseConnection->simpleQuery('INSERT INTO `id...')
#3 C:\wamp64\www\nostradamus\vendor\codeigniter4\framework\system\Database\BaseBuilder.php(2234): CodeIgniter\Database\BaseConnection->query('INSERT INTO `id...', Array, false)
#4 C:\wamp64\www\nostradamus\vendor\codeigniter4\framework\system\Model.php(729): CodeIgniter\Database\BaseBuilder->insert()
#5 C:\wamp64\www\nostradamus\vendor\codeigniter4\framework\system\Model.php(557): CodeIgniter\Model->insert(Array, false)
#6 C:\wamp64\www\nostradamus\app\Models\IdejaModel.php(27): CodeIgniter\Model->save(Array)
#7 C:\wamp64\www\nostradamus\app\Controllers\Administrator.php(177): App\Models\IdejaModel->ubaci_novu_ideju('1005', 'novi5', 'Jon Jones- Ngan...', '2020-06-30', 'Da li mislite d...')
#8 C:\wamp64\www\nostradamus\vendor\codeigniter4\framework\system\CodeIgniter.php(914): App\Controllers\Administrator->dajIdeju()
#9 C:\wamp64\www\nostradamus\vendor\codeigniter4\framework\system\CodeIgniter.php(400): CodeIgniter\CodeIgniter->runController(Object(App\Controllers\Administrator))
#10 C:\wamp64\www\nostradamus\vendor\codeigniter4\framework\system\CodeIgniter.php(308): CodeIgniter\CodeIgniter->handleRequest(NULL, Object(Config\Cache), false)
#11 C:\wamp64\www\nostradamus\public\index.php(45): CodeIgniter\CodeIgniter->run()
#12 C:\wamp64\www\nostradamus\vendor\codeigniter4\framework\system\Commands\Server\rewrite.php(34): require_once('C:\\wamp64\\www\\n...')
#13 {main}
CRITICAL - 2020-06-01 15:41:50 --> Duplicate entry '0' for key 'PRIMARY'
#0 C:\wamp64\www\nostradamus\vendor\codeigniter4\framework\system\Database\MySQLi\Connection.php(331): mysqli->query('INSERT INTO `id...')
#1 C:\wamp64\www\nostradamus\vendor\codeigniter4\framework\system\Database\BaseConnection.php(738): CodeIgniter\Database\MySQLi\Connection->execute('INSERT INTO `id...')
#2 C:\wamp64\www\nostradamus\vendor\codeigniter4\framework\system\Database\BaseConnection.php(666): CodeIgniter\Database\BaseConnection->simpleQuery('INSERT INTO `id...')
#3 C:\wamp64\www\nostradamus\vendor\codeigniter4\framework\system\Database\BaseBuilder.php(2234): CodeIgniter\Database\BaseConnection->query('INSERT INTO `id...', Array, false)
#4 C:\wamp64\www\nostradamus\vendor\codeigniter4\framework\system\Model.php(729): CodeIgniter\Database\BaseBuilder->insert()
#5 C:\wamp64\www\nostradamus\vendor\codeigniter4\framework\system\Model.php(557): CodeIgniter\Model->insert(Array, false)
#6 C:\wamp64\www\nostradamus\app\Models\IdejaModel.php(27): CodeIgniter\Model->save(Array)
#7 C:\wamp64\www\nostradamus\app\Controllers\Administrator.php(177): App\Models\IdejaModel->ubaci_novu_ideju('1005', 'novi5', 'Jon Jones- Ngan...', '2020-06-30', 'Da li mislite d...')
#8 C:\wamp64\www\nostradamus\vendor\codeigniter4\framework\system\CodeIgniter.php(914): App\Controllers\Administrator->dajIdeju()
#9 C:\wamp64\www\nostradamus\vendor\codeigniter4\framework\system\CodeIgniter.php(400): CodeIgniter\CodeIgniter->runController(Object(App\Controllers\Administrator))
#10 C:\wamp64\www\nostradamus\vendor\codeigniter4\framework\system\CodeIgniter.php(308): CodeIgniter\CodeIgniter->handleRequest(NULL, Object(Config\Cache), false)
#11 C:\wamp64\www\nostradamus\public\index.php(45): CodeIgniter\CodeIgniter->run()
#12 C:\wamp64\www\nostradamus\vendor\codeigniter4\framework\system\Commands\Server\rewrite.php(34): require_once('C:\\wamp64\\www\\n...')
#13 {main}
CRITICAL - 2020-06-01 15:42:39 --> Use of undefined constant Prosao - assumed 'Prosao' (this will throw an Error in a future version of PHP)
#0 C:\wamp64\www\nostradamus\app\Controllers\Administrator.php(160): CodeIgniter\Debug\Exceptions->errorHandler(2, 'Use of undefine...', 'C:\\wamp64\\www\\n...', 160, Array)
#1 C:\wamp64\www\nostradamus\vendor\codeigniter4\framework\system\CodeIgniter.php(914): App\Controllers\Administrator->dajIdeju()
#2 C:\wamp64\www\nostradamus\vendor\codeigniter4\framework\system\CodeIgniter.php(400): CodeIgniter\CodeIgniter->runController(Object(App\Controllers\Administrator))
#3 C:\wamp64\www\nostradamus\vendor\codeigniter4\framework\system\CodeIgniter.php(308): CodeIgniter\CodeIgniter->handleRequest(NULL, Object(Config\Cache), false)
#4 C:\wamp64\www\nostradamus\public\index.php(45): CodeIgniter\CodeIgniter->run()
#5 C:\wamp64\www\nostradamus\vendor\codeigniter4\framework\system\Commands\Server\rewrite.php(34): require_once('C:\\wamp64\\www\\n...')
#6 {main}
CRITICAL - 2020-06-01 15:43:55 --> Duplicate entry '0' for key 'PRIMARY'
#0 C:\wamp64\www\nostradamus\vendor\codeigniter4\framework\system\Database\MySQLi\Connection.php(331): mysqli->query('INSERT INTO `id...')
#1 C:\wamp64\www\nostradamus\vendor\codeigniter4\framework\system\Database\BaseConnection.php(738): CodeIgniter\Database\MySQLi\Connection->execute('INSERT INTO `id...')
#2 C:\wamp64\www\nostradamus\vendor\codeigniter4\framework\system\Database\BaseConnection.php(666): CodeIgniter\Database\BaseConnection->simpleQuery('INSERT INTO `id...')
#3 C:\wamp64\www\nostradamus\vendor\codeigniter4\framework\system\Database\BaseBuilder.php(2234): CodeIgniter\Database\BaseConnection->query('INSERT INTO `id...', Array, false)
#4 C:\wamp64\www\nostradamus\vendor\codeigniter4\framework\system\Model.php(729): CodeIgniter\Database\BaseBuilder->insert()
#5 C:\wamp64\www\nostradamus\vendor\codeigniter4\framework\system\Model.php(557): CodeIgniter\Model->insert(Array, false)
#6 C:\wamp64\www\nostradamus\app\Models\IdejaModel.php(27): CodeIgniter\Model->save(Array)
#7 C:\wamp64\www\nostradamus\app\Controllers\Administrator.php(178): App\Models\IdejaModel->ubaci_novu_ideju('1005', 'novi5', 'Jon Jones- Ngan...', '2020-06-30', 'Da li ce doci d...')
#8 C:\wamp64\www\nostradamus\vendor\codeigniter4\framework\system\CodeIgniter.php(914): App\Controllers\Administrator->dajIdeju()
#9 C:\wamp64\www\nostradamus\vendor\codeigniter4\framework\system\CodeIgniter.php(400): CodeIgniter\CodeIgniter->runController(Object(App\Controllers\Administrator))
#10 C:\wamp64\www\nostradamus\vendor\codeigniter4\framework\system\CodeIgniter.php(308): CodeIgniter\CodeIgniter->handleRequest(NULL, Object(Config\Cache), false)
#11 C:\wamp64\www\nostradamus\public\index.php(45): CodeIgniter\CodeIgniter->run()
#12 C:\wamp64\www\nostradamus\vendor\codeigniter4\framework\system\Commands\Server\rewrite.php(34): require_once('C:\\wamp64\\www\\n...')
#13 {main}
CRITICAL - 2020-06-01 15:45:57 --> Duplicate entry '0' for key 'PRIMARY'
#0 C:\wamp64\www\nostradamus\vendor\codeigniter4\framework\system\Database\MySQLi\Connection.php(331): mysqli->query('INSERT INTO `id...')
#1 C:\wamp64\www\nostradamus\vendor\codeigniter4\framework\system\Database\BaseConnection.php(738): CodeIgniter\Database\MySQLi\Connection->execute('INSERT INTO `id...')
#2 C:\wamp64\www\nostradamus\vendor\codeigniter4\framework\system\Database\BaseConnection.php(666): CodeIgniter\Database\BaseConnection->simpleQuery('INSERT INTO `id...')
#3 C:\wamp64\www\nostradamus\vendor\codeigniter4\framework\system\Database\BaseBuilder.php(2234): CodeIgniter\Database\BaseConnection->query('INSERT INTO `id...', Array, false)
#4 C:\wamp64\www\nostradamus\vendor\codeigniter4\framework\system\Model.php(729): CodeIgniter\Database\BaseBuilder->insert()
#5 C:\wamp64\www\nostradamus\vendor\codeigniter4\framework\system\Model.php(557): CodeIgniter\Model->insert(Array, false)
#6 C:\wamp64\www\nostradamus\app\Models\IdejaModel.php(29): CodeIgniter\Model->save(Array)
#7 C:\wamp64\www\nostradamus\app\Controllers\Administrator.php(178): App\Models\IdejaModel->ubaci_novu_ideju('1005', 'novi5', 'Jon Jones- Ngan...', '2020-06-30', 'Da li ce doci d...')
#8 C:\wamp64\www\nostradamus\vendor\codeigniter4\framework\system\CodeIgniter.php(914): App\Controllers\Administrator->dajIdeju()
#9 C:\wamp64\www\nostradamus\vendor\codeigniter4\framework\system\CodeIgniter.php(400): CodeIgniter\CodeIgniter->runController(Object(App\Controllers\Administrator))
#10 C:\wamp64\www\nostradamus\vendor\codeigniter4\framework\system\CodeIgniter.php(308): CodeIgniter\CodeIgniter->handleRequest(NULL, Object(Config\Cache), false)
#11 C:\wamp64\www\nostradamus\public\index.php(45): CodeIgniter\CodeIgniter->run()
#12 C:\wamp64\www\nostradamus\vendor\codeigniter4\framework\system\Commands\Server\rewrite.php(34): require_once('C:\\wamp64\\www\\n...')
#13 {main}
CRITICAL - 2020-06-01 15:52:36 --> Duplicate entry '0' for key 'PRIMARY'
#0 C:\wamp64\www\nostradamus\vendor\codeigniter4\framework\system\Database\MySQLi\Connection.php(331): mysqli->query('INSERT INTO `id...')
#1 C:\wamp64\www\nostradamus\vendor\codeigniter4\framework\system\Database\BaseConnection.php(738): CodeIgniter\Database\MySQLi\Connection->execute('INSERT INTO `id...')
#2 C:\wamp64\www\nostradamus\vendor\codeigniter4\framework\system\Database\BaseConnection.php(666): CodeIgniter\Database\BaseConnection->simpleQuery('INSERT INTO `id...')
#3 C:\wamp64\www\nostradamus\vendor\codeigniter4\framework\system\Database\BaseBuilder.php(2234): CodeIgniter\Database\BaseConnection->query('INSERT INTO `id...', Array, false)
#4 C:\wamp64\www\nostradamus\vendor\codeigniter4\framework\system\Model.php(729): CodeIgniter\Database\BaseBuilder->insert()
#5 C:\wamp64\www\nostradamus\vendor\codeigniter4\framework\system\Model.php(557): CodeIgniter\Model->insert(Array, false)
#6 C:\wamp64\www\nostradamus\app\Models\IdejaModel.php(28): CodeIgniter\Model->save(Array)
#7 C:\wamp64\www\nostradamus\app\Controllers\Korisnik.php(182): App\Models\IdejaModel->ubaci_novu_ideju('1006', 'novi7', 'Jon Jones- Ngan...', '2020-06-30', 'Bice li borbe')
#8 C:\wamp64\www\nostradamus\vendor\codeigniter4\framework\system\CodeIgniter.php(914): App\Controllers\Korisnik->dajIdeju()
#9 C:\wamp64\www\nostradamus\vendor\codeigniter4\framework\system\CodeIgniter.php(400): CodeIgniter\CodeIgniter->runController(Object(App\Controllers\Korisnik))
#10 C:\wamp64\www\nostradamus\vendor\codeigniter4\framework\system\CodeIgniter.php(308): CodeIgniter\CodeIgniter->handleRequest(NULL, Object(Config\Cache), false)
#11 C:\wamp64\www\nostradamus\public\index.php(45): CodeIgniter\CodeIgniter->run()
#12 C:\wamp64\www\nostradamus\vendor\codeigniter4\framework\system\Commands\Server\rewrite.php(34): require_once('C:\\wamp64\\www\\n...')
#13 {main}
CRITICAL - 2020-06-01 15:55:15 --> Duplicate entry '0' for key 'PRIMARY'
#0 C:\wamp64\www\nostradamus\vendor\codeigniter4\framework\system\Database\MySQLi\Connection.php(331): mysqli->query('INSERT INTO `id...')
#1 C:\wamp64\www\nostradamus\vendor\codeigniter4\framework\system\Database\BaseConnection.php(738): CodeIgniter\Database\MySQLi\Connection->execute('INSERT INTO `id...')
#2 C:\wamp64\www\nostradamus\vendor\codeigniter4\framework\system\Database\BaseConnection.php(666): CodeIgniter\Database\BaseConnection->simpleQuery('INSERT INTO `id...')
#3 C:\wamp64\www\nostradamus\vendor\codeigniter4\framework\system\Database\BaseBuilder.php(2234): CodeIgniter\Database\BaseConnection->query('INSERT INTO `id...', Array, false)
#4 C:\wamp64\www\nostradamus\vendor\codeigniter4\framework\system\Model.php(729): CodeIgniter\Database\BaseBuilder->insert()
#5 C:\wamp64\www\nostradamus\app\Models\IdejaModel.php(26): CodeIgniter\Model->insert(Array)
#6 C:\wamp64\www\nostradamus\app\Controllers\Korisnik.php(182): App\Models\IdejaModel->ubaci_novu_ideju('1006', 'novi7', 'Jon Jones- Ngan...', '2020-06-30', 'Bice li borbe')
#7 C:\wamp64\www\nostradamus\vendor\codeigniter4\framework\system\CodeIgniter.php(914): App\Controllers\Korisnik->dajIdeju()
#8 C:\wamp64\www\nostradamus\vendor\codeigniter4\framework\system\CodeIgniter.php(400): CodeIgniter\CodeIgniter->runController(Object(App\Controllers\Korisnik))
#9 C:\wamp64\www\nostradamus\vendor\codeigniter4\framework\system\CodeIgniter.php(308): CodeIgniter\CodeIgniter->handleRequest(NULL, Object(Config\Cache), false)
#10 C:\wamp64\www\nostradamus\public\index.php(45): CodeIgniter\CodeIgniter->run()
#11 C:\wamp64\www\nostradamus\vendor\codeigniter4\framework\system\Commands\Server\rewrite.php(34): require_once('C:\\wamp64\\www\\n...')
#12 {main}
CRITICAL - 2020-06-01 15:59:27 --> Deletes are not allowed unless they contain a "where" or "like" clause.
#0 C:\wamp64\www\nostradamus\vendor\codeigniter4\framework\system\Model.php(952): CodeIgniter\Database\BaseBuilder->delete()
#1 C:\wamp64\www\nostradamus\app\Models\IdejaModel.php(143): CodeIgniter\Model->delete('0')
#2 C:\wamp64\www\nostradamus\app\Controllers\Administrator.php(406): App\Models\IdejaModel->obrisi_ideju('0')
#3 C:\wamp64\www\nostradamus\vendor\codeigniter4\framework\system\CodeIgniter.php(914): App\Controllers\Administrator->obrisati_ideju()
#4 C:\wamp64\www\nostradamus\vendor\codeigniter4\framework\system\CodeIgniter.php(400): CodeIgniter\CodeIgniter->runController(Object(App\Controllers\Administrator))
#5 C:\wamp64\www\nostradamus\vendor\codeigniter4\framework\system\CodeIgniter.php(308): CodeIgniter\CodeIgniter->handleRequest(NULL, Object(Config\Cache), false)
#6 C:\wamp64\www\nostradamus\public\index.php(45): CodeIgniter\CodeIgniter->run()
#7 C:\wamp64\www\nostradamus\vendor\codeigniter4\framework\system\Commands\Server\rewrite.php(34): require_once('C:\\wamp64\\www\\n...')
#8 {main}
CRITICAL - 2020-06-01 16:04:39 --> Deletes are not allowed unless they contain a "where" or "like" clause.
#0 C:\wamp64\www\nostradamus\vendor\codeigniter4\framework\system\Model.php(952): CodeIgniter\Database\BaseBuilder->delete()
#1 C:\wamp64\www\nostradamus\app\Models\IdejaModel.php(143): CodeIgniter\Model->delete('0')
#2 C:\wamp64\www\nostradamus\app\Controllers\Administrator.php(406): App\Models\IdejaModel->obrisi_ideju('0')
#3 C:\wamp64\www\nostradamus\vendor\codeigniter4\framework\system\CodeIgniter.php(914): App\Controllers\Administrator->obrisati_ideju()
#4 C:\wamp64\www\nostradamus\vendor\codeigniter4\framework\system\CodeIgniter.php(400): CodeIgniter\CodeIgniter->runController(Object(App\Controllers\Administrator))
#5 C:\wamp64\www\nostradamus\vendor\codeigniter4\framework\system\CodeIgniter.php(308): CodeIgniter\CodeIgniter->handleRequest(NULL, Object(Config\Cache), false)
#6 C:\wamp64\www\nostradamus\public\index.php(45): CodeIgniter\CodeIgniter->run()
#7 C:\wamp64\www\nostradamus\vendor\codeigniter4\framework\system\Commands\Server\rewrite.php(34): require_once('C:\\wamp64\\www\\n...')
#8 {main}
CRITICAL - 2020-06-01 16:04:53 --> Deletes are not allowed unless they contain a "where" or "like" clause.
#0 C:\wamp64\www\nostradamus\vendor\codeigniter4\framework\system\Model.php(952): CodeIgniter\Database\BaseBuilder->delete()
#1 C:\wamp64\www\nostradamus\app\Models\IdejaModel.php(143): CodeIgniter\Model->delete('0')
#2 C:\wamp64\www\nostradamus\app\Controllers\Administrator.php(406): App\Models\IdejaModel->obrisi_ideju('0')
#3 C:\wamp64\www\nostradamus\vendor\codeigniter4\framework\system\CodeIgniter.php(914): App\Controllers\Administrator->obrisati_ideju()
#4 C:\wamp64\www\nostradamus\vendor\codeigniter4\framework\system\CodeIgniter.php(400): CodeIgniter\CodeIgniter->runController(Object(App\Controllers\Administrator))
#5 C:\wamp64\www\nostradamus\vendor\codeigniter4\framework\system\CodeIgniter.php(308): CodeIgniter\CodeIgniter->handleRequest(NULL, Object(Config\Cache), false)
#6 C:\wamp64\www\nostradamus\public\index.php(45): CodeIgniter\CodeIgniter->run()
#7 C:\wamp64\www\nostradamus\vendor\codeigniter4\framework\system\Commands\Server\rewrite.php(34): require_once('C:\\wamp64\\www\\n...')
#8 {main}
CRITICAL - 2020-06-01 16:08:19 --> Deletes are not allowed unless they contain a "where" or "like" clause.
#0 C:\wamp64\www\nostradamus\vendor\codeigniter4\framework\system\Model.php(952): CodeIgniter\Database\BaseBuilder->delete()
#1 C:\wamp64\www\nostradamus\app\Models\IdejaModel.php(143): CodeIgniter\Model->delete('0')
#2 C:\wamp64\www\nostradamus\app\Controllers\Administrator.php(407): App\Models\IdejaModel->obrisi_ideju('0')
#3 C:\wamp64\www\nostradamus\vendor\codeigniter4\framework\system\CodeIgniter.php(914): App\Controllers\Administrator->obrisati_ideju()
#4 C:\wamp64\www\nostradamus\vendor\codeigniter4\framework\system\CodeIgniter.php(400): CodeIgniter\CodeIgniter->runController(Object(App\Controllers\Administrator))
#5 C:\wamp64\www\nostradamus\vendor\codeigniter4\framework\system\CodeIgniter.php(308): CodeIgniter\CodeIgniter->handleRequest(NULL, Object(Config\Cache), false)
#6 C:\wamp64\www\nostradamus\public\index.php(45): CodeIgniter\CodeIgniter->run()
#7 C:\wamp64\www\nostradamus\vendor\codeigniter4\framework\system\Commands\Server\rewrite.php(34): require_once('C:\\wamp64\\www\\n...')
#8 {main}
CRITICAL - 2020-06-01 16:09:56 --> Duplicate entry '0' for key 'PRIMARY'
#0 C:\wamp64\www\nostradamus\vendor\codeigniter4\framework\system\Database\MySQLi\Connection.php(331): mysqli->query('INSERT INTO `id...')
#1 C:\wamp64\www\nostradamus\vendor\codeigniter4\framework\system\Database\BaseConnection.php(738): CodeIgniter\Database\MySQLi\Connection->execute('INSERT INTO `id...')
#2 C:\wamp64\www\nostradamus\vendor\codeigniter4\framework\system\Database\BaseConnection.php(666): CodeIgniter\Database\BaseConnection->simpleQuery('INSERT INTO `id...')
#3 C:\wamp64\www\nostradamus\vendor\codeigniter4\framework\system\Database\BaseBuilder.php(2234): CodeIgniter\Database\BaseConnection->query('INSERT INTO `id...', Array, false)
#4 C:\wamp64\www\nostradamus\vendor\codeigniter4\framework\system\Model.php(729): CodeIgniter\Database\BaseBuilder->insert()
#5 C:\wamp64\www\nostradamus\app\Models\IdejaModel.php(26): CodeIgniter\Model->insert(Array)
#6 C:\wamp64\www\nostradamus\app\Controllers\Administrator.php(178): App\Models\IdejaModel->ubaci_novu_ideju('1005', 'novi5', 'I', '2020-06-30', 'IIII')
#7 C:\wamp64\www\nostradamus\vendor\codeigniter4\framework\system\CodeIgniter.php(914): App\Controllers\Administrator->dajIdeju()
#8 C:\wamp64\www\nostradamus\vendor\codeigniter4\framework\system\CodeIgniter.php(400): CodeIgniter\CodeIgniter->runController(Object(App\Controllers\Administrator))
#9 C:\wamp64\www\nostradamus\vendor\codeigniter4\framework\system\CodeIgniter.php(308): CodeIgniter\CodeIgniter->handleRequest(NULL, Object(Config\Cache), false)
#10 C:\wamp64\www\nostradamus\public\index.php(45): CodeIgniter\CodeIgniter->run()
#11 C:\wamp64\www\nostradamus\vendor\codeigniter4\framework\system\Commands\Server\rewrite.php(34): require_once('C:\\wamp64\\www\\n...')
#12 {main}
CRITICAL - 2020-06-01 16:10:15 --> Duplicate entry '0' for key 'PRIMARY'
#0 C:\wamp64\www\nostradamus\vendor\codeigniter4\framework\system\Database\MySQLi\Connection.php(331): mysqli->query('INSERT INTO `id...')
#1 C:\wamp64\www\nostradamus\vendor\codeigniter4\framework\system\Database\BaseConnection.php(738): CodeIgniter\Database\MySQLi\Connection->execute('INSERT INTO `id...')
#2 C:\wamp64\www\nostradamus\vendor\codeigniter4\framework\system\Database\BaseConnection.php(666): CodeIgniter\Database\BaseConnection->simpleQuery('INSERT INTO `id...')
#3 C:\wamp64\www\nostradamus\vendor\codeigniter4\framework\system\Database\BaseBuilder.php(2234): CodeIgniter\Database\BaseConnection->query('INSERT INTO `id...', Array, false)
#4 C:\wamp64\www\nostradamus\vendor\codeigniter4\framework\system\Model.php(729): CodeIgniter\Database\BaseBuilder->insert()
#5 C:\wamp64\www\nostradamus\app\Models\IdejaModel.php(26): CodeIgniter\Model->insert(Array)
#6 C:\wamp64\www\nostradamus\app\Controllers\Administrator.php(178): App\Models\IdejaModel->ubaci_novu_ideju('1005', 'novi5', 'I', '2020-06-30', 'IIII')
#7 C:\wamp64\www\nostradamus\vendor\codeigniter4\framework\system\CodeIgniter.php(914): App\Controllers\Administrator->dajIdeju()
#8 C:\wamp64\www\nostradamus\vendor\codeigniter4\framework\system\CodeIgniter.php(400): CodeIgniter\CodeIgniter->runController(Object(App\Controllers\Administrator))
#9 C:\wamp64\www\nostradamus\vendor\codeigniter4\framework\system\CodeIgniter.php(308): CodeIgniter\CodeIgniter->handleRequest(NULL, Object(Config\Cache), false)
#10 C:\wamp64\www\nostradamus\public\index.php(45): CodeIgniter\CodeIgniter->run()
#11 C:\wamp64\www\nostradamus\vendor\codeigniter4\framework\system\Commands\Server\rewrite.php(34): require_once('C:\\wamp64\\www\\n...')
#12 {main}
