CRITICAL - 2020-05-27 04:55:39 --> No connection could be made because the target machine actively refused it.

#0 C:\wamp64\www\nostradamus\vendor\codeigniter4\framework\system\Database\BaseConnection.php(377): CodeIgniter\Database\MySQLi\Connection->connect(false)
#1 C:\wamp64\www\nostradamus\vendor\codeigniter4\framework\system\Database\BaseConnection.php(643): CodeIgniter\Database\BaseConnection->initialize()
#2 C:\wamp64\www\nostradamus\vendor\codeigniter4\framework\system\Database\BaseBuilder.php(1845): CodeIgniter\Database\BaseConnection->query('SELECT *\nFROM `...', Array, false)
#3 C:\wamp64\www\nostradamus\vendor\codeigniter4\framework\system\Model.php(445): CodeIgniter\Database\BaseBuilder->get()
#4 C:\wamp64\www\nostradamus\app\Controllers\Gost.php(26): CodeIgniter\Model->findAll()
#5 C:\wamp64\www\nostradamus\vendor\codeigniter4\framework\system\CodeIgniter.php(914): App\Controllers\Gost->index()
#6 C:\wamp64\www\nostradamus\vendor\codeigniter4\framework\system\CodeIgniter.php(400): CodeIgniter\CodeIgniter->runController(Object(App\Controllers\Gost))
#7 C:\wamp64\www\nostradamus\vendor\codeigniter4\framework\system\CodeIgniter.php(308): CodeIgniter\CodeIgniter->handleRequest(NULL, Object(Config\Cache), false)
#8 C:\wamp64\www\nostradamus\public\index.php(45): CodeIgniter\CodeIgniter->run()
#9 C:\wamp64\www\nostradamus\vendor\codeigniter4\framework\system\Commands\Server\rewrite.php(34): require_once('C:\\wamp64\\www\\n...')
#10 {main}
CRITICAL - 2020-05-27 04:57:05 --> No connection could be made because the target machine actively refused it.

#0 C:\wamp64\www\nostradamus\vendor\codeigniter4\framework\system\Database\BaseConnection.php(377): CodeIgniter\Database\MySQLi\Connection->connect(false)
#1 C:\wamp64\www\nostradamus\vendor\codeigniter4\framework\system\Database\BaseConnection.php(643): CodeIgniter\Database\BaseConnection->initialize()
#2 C:\wamp64\www\nostradamus\vendor\codeigniter4\framework\system\Database\BaseBuilder.php(1845): CodeIgniter\Database\BaseConnection->query('SELECT *\nFROM `...', Array, false)
#3 C:\wamp64\www\nostradamus\vendor\codeigniter4\framework\system\Model.php(445): CodeIgniter\Database\BaseBuilder->get()
#4 C:\wamp64\www\nostradamus\app\Controllers\Gost.php(26): CodeIgniter\Model->findAll()
#5 C:\wamp64\www\nostradamus\vendor\codeigniter4\framework\system\CodeIgniter.php(914): App\Controllers\Gost->index()
#6 C:\wamp64\www\nostradamus\vendor\codeigniter4\framework\system\CodeIgniter.php(400): CodeIgniter\CodeIgniter->runController(Object(App\Controllers\Gost))
#7 C:\wamp64\www\nostradamus\vendor\codeigniter4\framework\system\CodeIgniter.php(308): CodeIgniter\CodeIgniter->handleRequest(NULL, Object(Config\Cache), false)
#8 C:\wamp64\www\nostradamus\public\index.php(45): CodeIgniter\CodeIgniter->run()
#9 C:\wamp64\www\nostradamus\vendor\codeigniter4\framework\system\Commands\Server\rewrite.php(34): require_once('C:\\wamp64\\www\\n...')
#10 {main}
CRITICAL - 2020-05-27 05:10:33 --> Trying to get property 'Username' of non-object
#0 C:\wamp64\www\nostradamus\app\Views\sablon\header_korisnik.php(20): CodeIgniter\Debug\Exceptions->errorHandler(8, 'Trying to get p...', 'C:\\wamp64\\www\\n...', 20, Array)
#1 C:\wamp64\www\nostradamus\vendor\codeigniter4\framework\system\View\View.php(246): include('C:\\wamp64\\www\\n...')
#2 C:\wamp64\www\nostradamus\vendor\codeigniter4\framework\system\Common.php(1087): CodeIgniter\View\View->render('sablon/header_k...', Array, true)
#3 C:\wamp64\www\nostradamus\app\Controllers\Korisnik.php(19): view('sablon/header_k...', Array)
#4 C:\wamp64\www\nostradamus\app\Controllers\Korisnik.php(71): App\Controllers\Korisnik->prikaz('uputstvo', Array)
#5 C:\wamp64\www\nostradamus\vendor\codeigniter4\framework\system\CodeIgniter.php(914): App\Controllers\Korisnik->uputstvo()
#6 C:\wamp64\www\nostradamus\vendor\codeigniter4\framework\system\CodeIgniter.php(400): CodeIgniter\CodeIgniter->runController(Object(App\Controllers\Korisnik))
#7 C:\wamp64\www\nostradamus\vendor\codeigniter4\framework\system\CodeIgniter.php(308): CodeIgniter\CodeIgniter->handleRequest(NULL, Object(Config\Cache), false)
#8 C:\wamp64\www\nostradamus\public\index.php(45): CodeIgniter\CodeIgniter->run()
#9 C:\wamp64\www\nostradamus\vendor\codeigniter4\framework\system\Commands\Server\rewrite.php(34): require_once('C:\\wamp64\\www\\n...')
#10 {main}
CRITICAL - 2020-05-27 06:03:59 --> Trying to get property 'Username' of non-object
#0 C:\wamp64\www\nostradamus\app\Views\sablon\header_korisnik.php(20): CodeIgniter\Debug\Exceptions->errorHandler(8, 'Trying to get p...', 'C:\\wamp64\\www\\n...', 20, Array)
#1 C:\wamp64\www\nostradamus\vendor\codeigniter4\framework\system\View\View.php(246): include('C:\\wamp64\\www\\n...')
#2 C:\wamp64\www\nostradamus\vendor\codeigniter4\framework\system\Common.php(1087): CodeIgniter\View\View->render('sablon/header_k...', Array, true)
#3 C:\wamp64\www\nostradamus\app\Controllers\Korisnik.php(19): view('sablon/header_k...', Array)
#4 C:\wamp64\www\nostradamus\app\Controllers\Korisnik.php(72): App\Controllers\Korisnik->prikaz('uputstvo', Array)
#5 C:\wamp64\www\nostradamus\vendor\codeigniter4\framework\system\CodeIgniter.php(914): App\Controllers\Korisnik->uputstvo()
#6 C:\wamp64\www\nostradamus\vendor\codeigniter4\framework\system\CodeIgniter.php(400): CodeIgniter\CodeIgniter->runController(Object(App\Controllers\Korisnik))
#7 C:\wamp64\www\nostradamus\vendor\codeigniter4\framework\system\CodeIgniter.php(308): CodeIgniter\CodeIgniter->handleRequest(NULL, Object(Config\Cache), false)
#8 C:\wamp64\www\nostradamus\public\index.php(45): CodeIgniter\CodeIgniter->run()
#9 C:\wamp64\www\nostradamus\vendor\codeigniter4\framework\system\Commands\Server\rewrite.php(34): require_once('C:\\wamp64\\www\\n...')
#10 {main}
